{"logTime": "0714/150407", "correlationVector":"BRlIlAhkLC8eGiLHs/WYRf.1","action":"SyncServerConnectionManagerRequest", "result":"SYNC_SERVER_OK", "context":{"environment":"Prod_southeastasia_prod-s01-064-apac-southeastasia", "migrationStage":"NotStarted", "server":"akswtt009000016"}}
{"logTime": "0714/150407", "correlationVector":"BRlIlAhkLC8eGiLHs/WYRf.2","action":"ProcessGetUpdates", "result":"Done", "context":{"dataType":"Encryption Keys", "deleted":"0", "process_failed_to_decrypt":"0", "process_pending_decryption":"0", "process_success":"1", "total":"1"}}
{"logTime": "0714/150409", "correlationVector":"KDLMJNVHveoEaft7gHgN8C","action":"SyncServerConnectionManagerRequest", "result":"SYNC_SERVER_OK", "context":{"environment":"", "migrationStage":"", "server":""}}
{"logTime": "0714/150409", "correlationVector":"KDLMJNVHveoEaft7gHgN8C.0","action":"EncryptionKeysFetcher.DownloadKeys:", "result":"Success", "context":Key count: 7, Last key timestamp: 2025-03-16T04:24:52Z}
{"logTime": "0714/150409", "correlationVector":"KDLMJNVHveoEaft7gHgN8C.1","action":"EncryptionKeysManager::SetEncryptionKeys:", "result":"Success", "context":Key names[7]:[G+J1YrjaWXjnNb0GyCdiz8j3Z1vBPp8ncf1ezsPEQcTXbwwgGh62DfqNO4mQ8G6q1yg7+aA6lzCBerziu9wJ9Q==][PBHflrF7VKHVS+8EVPVd7iOkZVNJ2NHVWFteT55FDzILaJt0so1zKyWfqU1VPYfZgwZQeVG32ncnXTrB3zWkAA==][iuxFzkWygB9ww8dlnWCwl1HldSvFoVjHFohdTJQM2bwVNWGetLocp/owmo0MYZgfxK/GXCcq3FetpcUUuXSL5Q==][feq4KyOi2H/JojxQLb1YOsx3ZDiivi8a3B8f2SRatVcupUM2rvKHimUOwWqhn44XjGMj5rBnBU2ZuFYzdMamWA==][U2nF7EbAbeLyjH7wPSnQ0qvq6hepOVdxtOZQuvoGB4RmnBKU5XYMjX5pETbQU2oyjICeK6jUplO8yj5FgCJejg==][xZVODRF4m0J2lnhq+LtxWPVnR8jprl0a8czmwPjevHr9ezQDXlN/c59MRsxlm1K5OVANQVbPRe2zT20clmxkog==][7LVL1y4dYPjcGXCipZPW4jSe+6mFKn0f/Dz29nOAlgsLrptMCy2rh9IldUP7tJArwK0/S3QYiahkHsGo+Bf0ow==]}
{"logTime": "0714/150409", "correlationVector":"KDLMJNVHveoEaft7gHgN8C.2","action":"EncryptionKeysManager::SetEncryptionKeysWithTimestamps:", "result":"Success", "context":Key timestamps[7]:[2022-06-26T06:59:31Z][2022-12-23T18:39:00Z][2023-06-23T05:44:12Z][2023-12-21T02:53:10Z][2024-06-21T08:06:03Z][2024-09-14T07:14:22Z][2025-03-16T04:24:52Z]}
{"logTime": "0714/150409", "correlationVector":"BRlIlAhkLC8eGiLHs/WYRf","action":"Initial GetUpdates", "result":"", "context":Reason: NEW_CLIENT. cV=BRlIlAhkLC8eGiLHs/WYRf}
{"logTime": "0714/150409", "correlationVector":"BRlIlAhkLC8eGiLHs/WYRf.3","action":"GetUpdates Response", "result":"Success", "context":Received 1 update(s). cV=BRlIlAhkLC8eGiLHs/WYRf.0;server=akswtt009000016;cloudType=Consumer;environment=Prod_southeastasia_prod-s01-064-apac-southeastasia;migrationStage=NotStarted}
{"logTime": "0714/150409", "correlationVector":"4ibJt42bQHN5zaeI8ZEe4W","action":"Initial GetUpdates", "result":"", "context":Reason: NEWLY_SUPPORTED_DATATYPE. cV=4ibJt42bQHN5zaeI8ZEe4W}
{"logTime": "0714/150410", "correlationVector":"4ibJt42bQHN5zaeI8ZEe4W.1","action":"SyncServerConnectionManagerRequest", "result":"SYNC_SERVER_OK", "context":{"environment":"Prod_southeastasia_prod-s01-064-apac-southeastasia", "migrationStage":"NotStarted", "server":"akswtt00900002c"}}
{"logTime": "0714/150410", "correlationVector":"4ibJt42bQHN5zaeI8ZEe4W.2","action":"ProcessGetUpdates", "result":"Done", "context":{"dataType":"Preferences", "deleted":"0", "process_failed_to_decrypt":"0", "process_pending_decryption":"0", "process_success":"65", "total":"65"}}
{"logTime": "0714/150410", "correlationVector":"4ibJt42bQHN5zaeI8ZEe4W.3","action":"ProcessGetUpdates", "result":"Done", "context":{"dataType":"Passwords", "deleted":"2", "process_failed_to_decrypt":"0", "process_pending_decryption":"0", "process_success":"185", "total":"185"}}
{"logTime": "0714/150410", "correlationVector":"4ibJt42bQHN5zaeI8ZEe4W.4","action":"GetUpdates Response", "result":"Success", "context":Received 250 update(s). cV=4ibJt42bQHN5zaeI8ZEe4W.0;server=akswtt00900002c;cloudType=Consumer;environment=Prod_southeastasia_prod-s01-064-apac-southeastasia;migrationStage=NotStarted Some updates remain.}
{"logTime": "0714/150410", "correlationVector":"oJ2najbKGVhKFw//0MC+3f","action":"Initial GetUpdates", "result":"", "context":Reason: NEWLY_SUPPORTED_DATATYPE. cV=oJ2najbKGVhKFw//0MC+3f}
{"logTime": "0714/150410", "correlationVector":"oJ2najbKGVhKFw//0MC+3f.1","action":"SyncServerConnectionManagerRequest", "result":"SYNC_SERVER_OK", "context":{"environment":"Prod_southeastasia_prod-s01-064-apac-southeastasia", "migrationStage":"NotStarted", "server":"akswtt00900002e"}}
{"logTime": "0714/150410", "correlationVector":"oJ2najbKGVhKFw//0MC+3f.2","action":"ProcessGetUpdates", "result":"Done", "context":{"dataType":"Preferences", "deleted":"1", "process_failed_to_decrypt":"0", "process_pending_decryption":"0", "process_success":"5", "total":"5"}}
{"logTime": "0714/150410", "correlationVector":"oJ2najbKGVhKFw//0MC+3f.3","action":"ProcessGetUpdates", "result":"Done", "context":{"dataType":"Passwords", "deleted":"0", "process_failed_to_decrypt":"0", "process_pending_decryption":"0", "process_success":"44", "total":"44"}}
{"logTime": "0714/150410", "correlationVector":"oJ2najbKGVhKFw//0MC+3f.4","action":"ProcessGetUpdates", "result":"Done", "context":{"dataType":"Device Info", "deleted":"0", "process_failed_to_decrypt":"0", "process_pending_decryption":"0", "process_success":"2", "total":"2"}}
{"logTime": "0714/150410", "correlationVector":"oJ2najbKGVhKFw//0MC+3f.5","action":"GetUpdates Response", "result":"Success", "context":Received 51 update(s). cV=oJ2najbKGVhKFw//0MC+3f.0;server=akswtt00900002e;cloudType=Consumer;environment=Prod_southeastasia_prod-s01-064-apac-southeastasia;migrationStage=NotStarted}
{"logTime": "0714/150410", "correlationVector":"DQKKCowsktKiAmnjM3kLwS","action":"Initial GetUpdates", "result":"", "context":Reason: NEWLY_SUPPORTED_DATATYPE. cV=DQKKCowsktKiAmnjM3kLwS}
{"logTime": "0714/150411", "correlationVector":"DQKKCowsktKiAmnjM3kLwS.1","action":"SyncServerConnectionManagerRequest", "result":"SYNC_SERVER_OK", "context":{"environment":"Prod_southeastasia_prod-s01-064-apac-southeastasia", "migrationStage":"NotStarted", "server":"akswtt00900000f"}}
{"logTime": "0714/150411", "correlationVector":"DQKKCowsktKiAmnjM3kLwS.2","action":"ProcessGetUpdates", "result":"Done", "context":{"dataType":"Bookmarks", "deleted":"0", "process_failed_to_decrypt":"0", "process_pending_decryption":"0", "process_success":"21", "total":"21"}}
{"logTime": "0714/150411", "correlationVector":"DQKKCowsktKiAmnjM3kLwS.3","action":"GetUpdates Response", "result":"Success", "context":Received 21 update(s). cV=DQKKCowsktKiAmnjM3kLwS.0;server=akswtt00900000f;cloudType=Consumer;environment=Prod_southeastasia_prod-s01-064-apac-southeastasia;migrationStage=NotStarted}
{"logTime": "0714/150411", "correlationVector":"ixPvaknxwZWSGUV9GLbmVM","action":"Initial GetUpdates", "result":"", "context":Reason: NEWLY_SUPPORTED_DATATYPE. cV=ixPvaknxwZWSGUV9GLbmVM}
{"logTime": "0714/150411", "correlationVector":"ixPvaknxwZWSGUV9GLbmVM.1","action":"SyncServerConnectionManagerRequest", "result":"SYNC_SERVER_OK", "context":{"environment":"Prod_southeastasia_prod-s01-064-apac-southeastasia", "migrationStage":"NotStarted", "server":"akswtt00900000t"}}
{"logTime": "0714/150411", "correlationVector":"ixPvaknxwZWSGUV9GLbmVM.2","action":"ProcessGetUpdates", "result":"Done", "context":{"dataType":"Autofill Profiles", "deleted":"0", "process_failed_to_decrypt":"0", "process_pending_decryption":"0", "process_success":"2", "total":"2"}}
{"logTime": "0714/150411", "correlationVector":"ixPvaknxwZWSGUV9GLbmVM.3","action":"ProcessGetUpdates", "result":"Done", "context":{"dataType":"Autofill", "deleted":"0", "process_failed_to_decrypt":"0", "process_pending_decryption":"0", "process_success":"4", "total":"4"}}
{"logTime": "0714/150411", "correlationVector":"ixPvaknxwZWSGUV9GLbmVM.4","action":"ProcessGetUpdates", "result":"Done", "context":{"dataType":"Extensions", "deleted":"0", "process_failed_to_decrypt":"0", "process_pending_decryption":"0", "process_success":"3", "total":"3"}}
{"logTime": "0714/150411", "correlationVector":"ixPvaknxwZWSGUV9GLbmVM.5","action":"ProcessGetUpdates", "result":"Done", "context":{"dataType":"Sessions", "deleted":"6", "process_failed_to_decrypt":"0", "process_pending_decryption":"0", "process_success":"8", "total":"8"}}
{"logTime": "0714/150411", "correlationVector":"ixPvaknxwZWSGUV9GLbmVM.6","action":"ProcessGetUpdates", "result":"Done", "context":{"dataType":"Extension settings", "deleted":"0", "process_failed_to_decrypt":"0", "process_pending_decryption":"0", "process_success":"19", "total":"19"}}
{"logTime": "0714/150411", "correlationVector":"ixPvaknxwZWSGUV9GLbmVM.7","action":"ProcessGetUpdates", "result":"Done", "context":{"dataType":"Edge Hub App Usage", "deleted":"13", "process_failed_to_decrypt":"0", "process_pending_decryption":"0", "process_success":"20", "total":"20"}}
{"logTime": "0714/150411", "correlationVector":"ixPvaknxwZWSGUV9GLbmVM.8","action":"GetUpdates Response", "result":"Success", "context":Received 56 update(s). cV=ixPvaknxwZWSGUV9GLbmVM.0;server=akswtt00900000t;cloudType=Consumer;environment=Prod_southeastasia_prod-s01-064-apac-southeastasia;migrationStage=NotStarted}
{"logTime": "0714/150411", "correlationVector":"HB1830udLp+5lOcL6m/wjq","action":"Initial GetUpdates", "result":"", "context":Reason: NEWLY_SUPPORTED_DATATYPE. cV=HB1830udLp+5lOcL6m/wjq}
{"logTime": "0714/150412", "correlationVector":"HB1830udLp+5lOcL6m/wjq.1","action":"SyncServerConnectionManagerRequest", "result":"SYNC_SERVER_OK", "context":{"environment":"Prod_southeastasia_prod-s01-064-apac-southeastasia", "migrationStage":"NotStarted", "server":"akswtt00900003m"}}
{"logTime": "0714/150412", "correlationVector":"HB1830udLp+5lOcL6m/wjq.2","action":"GetUpdates Response", "result":"Success", "context":Received 0 update(s). cV=HB1830udLp+5lOcL6m/wjq.0;server=akswtt00900003m;cloudType=Consumer;environment=Prod_southeastasia_prod-s01-064-apac-southeastasia;migrationStage=NotStarted}
{"logTime": "0714/150412", "correlationVector":"DK0leE6oc93GCAY1Ok8LMQ","action":"Normal GetUpdate request", "result":"", "context":cV=DK0leE6oc93GCAY1Ok8LMQ
Nudged types: Sessions, Device Info, User Consents
Refresh requested types: Bookmarks, Preferences, Passwords, Autofill Profiles, Autofill, Extensions, Sessions, Extension settings, History Delete Directives, Device Info, User Consents, Send Tab To Self, Web Apps, History, Saved Tab Group, WebAuthn Credentials, Collection, Edge E Drop, Edge Hub App Usage, Edge Wallet, Encryption Keys}
{"logTime": "0714/150413", "correlationVector":"DK0leE6oc93GCAY1Ok8LMQ.1","action":"SyncServerConnectionManagerRequest", "result":"SYNC_SERVER_OK", "context":{"environment":"Prod_southeastasia_prod-s01-064-apac-southeastasia", "migrationStage":"NotStarted", "server":"akswtt00900000d"}}
{"logTime": "0714/150413", "correlationVector":"DK0leE6oc93GCAY1Ok8LMQ.2","action":"GetUpdates Response", "result":"Success", "context":Received 0 update(s). cV=DK0leE6oc93GCAY1Ok8LMQ.0;server=akswtt00900000d;cloudType=Consumer;environment=Prod_southeastasia_prod-s01-064-apac-southeastasia;migrationStage=NotStarted}
{"logTime": "0714/150413", "correlationVector":"8bdQ6sh90j4p9G0MbAERRP","action":"DoCompareDataConsistency requsted types: ", "result":"Bookmarks, Preferences, Passwords, Extensions, Extension settings, History Delete Directives, Send Tab To Self, Web Apps, History, Saved Tab Group, WebAuthn Credentials, Collection, Edge E Drop, Edge Wallet, Encryption Keys"}
{"logTime": "0714/150413", "correlationVector":"8bdQ6sh90j4p9G0MbAERRP.0","action":"CompareDataConsistency result: ", "result":"Compare result: Encryption Keys is consistent. local entities count is: 1 local entities hash is: wnzLWI0TNr2yHOWENeM7/0NmcZk="}
{"logTime": "0714/150413", "correlationVector":"8bdQ6sh90j4p9G0MbAERRP.1","action":"CompareDataConsistency result: ", "result":"Compare result: Bookmarks is consistent. local entities count is: 16 local entities hash is: m61WjCZ8JbJTwrpgT2AyByd48HA="}
{"logTime": "0714/150413", "correlationVector":"8bdQ6sh90j4p9G0MbAERRP.2","action":"CompareDataConsistency result: ", "result":"Compare result: Preferences is consistent. local entities count is: 69 local entities hash is: No08IWSwKtLXY/9jUIFagPZit2A="}
{"logTime": "0714/150413", "correlationVector":"8bdQ6sh90j4p9G0MbAERRP.3","action":"CompareDataConsistency result: ", "result":"Compare result: Extensions is consistent. local entities count is: 3 local entities hash is: KYXIqapqjF3wm53U+0TBZPnWyRg="}
{"logTime": "0714/150413", "correlationVector":"8bdQ6sh90j4p9G0MbAERRP.4","action":"CompareDataConsistency result: ", "result":"Compare result: Extension settings is consistent. local entities count is: 19 local entities hash is: hcfOWsE9Zd9uoRKVfDkDNGMfrHg="}
{"logTime": "0714/150413", "correlationVector":"8bdQ6sh90j4p9G0MbAERRP.5","action":"CompareDataConsistency result: ", "result":"Compare result: History Delete Directives is consistent. local entities count is: 0 local entities hash is: "}
{"logTime": "0714/150413", "correlationVector":"8bdQ6sh90j4p9G0MbAERRP.6","action":"CompareDataConsistency result: ", "result":"Server did not send this Send Tab To Self local entities count is: 0 local entities hash is: "}
{"logTime": "0714/150413", "correlationVector":"8bdQ6sh90j4p9G0MbAERRP.7","action":"CompareDataConsistency result: ", "result":"Compare result: Web Apps is consistent. local entities count is: 0 local entities hash is: "}
{"logTime": "0714/150413", "correlationVector":"8bdQ6sh90j4p9G0MbAERRP.8","action":"CompareDataConsistency result: ", "result":"Server did not send this History local entities count is: 0 local entities hash is: "}
{"logTime": "0714/150413", "correlationVector":"8bdQ6sh90j4p9G0MbAERRP.9","action":"CompareDataConsistency result: ", "result":"Compare result: Saved Tab Group is consistent. local entities count is: 0 local entities hash is: "}
{"logTime": "0714/150413", "correlationVector":"8bdQ6sh90j4p9G0MbAERRP.10","action":"CompareDataConsistency result: ", "result":"Server did not send this WebAuthn Credentials local entities count is: 0 local entities hash is: "}
{"logTime": "0714/150413", "correlationVector":"8bdQ6sh90j4p9G0MbAERRP.11","action":"CompareDataConsistency result: ", "result":"Compare result: Collection is consistent. local entities count is: 0 local entities hash is: "}
{"logTime": "0714/150413", "correlationVector":"8bdQ6sh90j4p9G0MbAERRP.12","action":"CompareDataConsistency result: ", "result":"Compare result: Edge E Drop is consistent. local entities count is: 0 local entities hash is: "}
{"logTime": "0714/150413", "correlationVector":"8bdQ6sh90j4p9G0MbAERRP.13","action":"CompareDataConsistency result: ", "result":"Compare result: Edge Wallet is consistent. local entities count is: 0 local entities hash is: "}
{"logTime": "0714/150413", "correlationVector":"8bdQ6sh90j4p9G0MbAERRP.14","action":"CompareDataConsistency result: ", "result":"Compare result: Passwords is consistent. local entities count is: 227 local entities hash is: 4EpCtBfafYgjgpQDuHfnFEHrDeg="}
{"logTime": "0714/150413", "correlationVector":"sYxEENt/QCSOxjToMeTLxV","action":"Commit Request", "result":"", "context":Item count: 5
Contributing types: Sessions, Device Info, User Consents}
{"logTime": "0714/150414", "correlationVector":"sYxEENt/QCSOxjToMeTLxV.1","action":"SyncServerConnectionManagerRequest", "result":"SYNC_SERVER_OK", "context":{"environment":"Prod_southeastasia_prod-s01-064-apac-southeastasia", "migrationStage":"NotStarted", "server":"akswtt00900000u"}}
{"logTime": "0714/150414", "correlationVector":"sYxEENt/QCSOxjToMeTLxV.2","action":"Commit Response", "result":"Success", "context":Result: Success. cV=sYxEENt/QCSOxjToMeTLxV.0;server=akswtt00900000u;cloudType=Consumer;environment=Prod_southeastasia_prod-s01-064-apac-southeastasia;migrationStage=NotStarted}
{"logTime": "0714/150414", "correlationVector":"","action":"DIAGNOSTIC_REQUEST|v1/diagnosticData/Diagnostic.SendCheckResult()|SUCCESS", "result":""}
{"logTime": "0714/150516", "correlationVector":"3EQHRo4d/pFEBPNdPh5Cm6","action":"Commit Request", "result":"", "context":Item count: 2
Contributing types: Sessions, History}
{"logTime": "0714/150517", "correlationVector":"3EQHRo4d/pFEBPNdPh5Cm6.1","action":"SyncServerConnectionManagerRequest", "result":"SYNC_SERVER_OK", "context":{"environment":"Prod_southeastasia_prod-s01-064-apac-southeastasia", "migrationStage":"NotStarted", "server":"akswtt009000009"}}
{"logTime": "0714/150517", "correlationVector":"3EQHRo4d/pFEBPNdPh5Cm6.2","action":"Commit Response", "result":"Success", "context":Result: Success. cV=3EQHRo4d/pFEBPNdPh5Cm6.0;server=akswtt009000009;cloudType=Consumer;environment=Prod_southeastasia_prod-s01-064-apac-southeastasia;migrationStage=NotStarted}
